{
  "timestamp": "2025-09-01T17:03:05.832818",
  "project_path": "C:\\Users\\biges\\Desktop\\Wiley_Widget",
  "cleanup_results": {
    "cleaned_files": [],
    "cleanup_count": 0
  },
  "event_viewer_crashes": [
    {
      "timestamp": "/Date(1756767343479)/",
      "event_id": 1026,
      "level": "Error",
      "source": ".NET Runtime",
      "message": "Application: WileyWidget.exe\nCoreCLR Version: 9.0.825.36511\n.NET Version: 9.0.8\nDescription: The process was terminated due to an unhandled exception.\nException Info: System.Windows.Markup.XamlParseException: 'Set property 'System.Windows.ResourceDictionary.Source' threw an exception.' Line number '10' and line position '18'.\r\n ---> System.IO.IOException: Cannot locate resource 'fluentdark.xaml'.\r\n   at MS.Internal.AppModel.ResourcePart.GetStreamCore(FileMode mode, FileAccess access)\r\n   at System.IO.Packaging.PackagePart.GetStream(FileMode mode, FileAccess access)\r\n   at MS.Internal.IO.Packaging.PackagePartExtensions.GetSeekableStream(PackagePart packPart, FileMode mode, FileAccess access)\r\n   at System.IO.Packaging.PackWebResponse.CachedResponse.GetResponseStream()\r\n   at System.IO.Packaging.PackWebResponse.get_ContentType()\r\n   at MS.Internal.WpfWebRequestHelper.GetContentType(WebResponse response)\r\n   at MS.Internal.WpfWebRequestHelper.GetResponseStream(WebRequest request, ContentType& contentType)\r\n   at System.Windows.ResourceDictionary.set_Source(Uri value)\r\n   at MS.Internal.Xaml.Runtime.ClrObjectRuntime.SetValue(Object inst, XamlMember property, Object value)\r\n   --- End of inner exception stack trace ---\r\n   at System.Windows.Markup.XamlReader.RewrapException(Exception e, IXamlLineInfo lineInfo, Uri baseUri)\r\n   at System.Windows.Markup.WpfXamlLoader.Load(XamlReader xamlReader, IXamlObjectWriterFactory writerFactory, Boolean skipJournaledProperties, Object rootObject, XamlObjectWriterSettings settings, Uri baseUri)\r\n   at System.Windows.Markup.WpfXamlLoader.LoadBaml(XamlReader xamlReader, Boolean skipJournaledProperties, Object rootObject, XamlAccessLevel accessLevel, Uri baseUri)\r\n   at System.Windows.Markup.XamlReader.LoadBaml(Stream stream, ParserContext parserContext, Object parent, Boolean closeStream)\r\n   at System.Windows.Application.LoadComponent(Object component, Uri resourceLocator)\r\n   at XamlGeneratedNamespace.GeneratedApplication.InitializeComponent() in C:\\Users\\biges\\Desktop\\Wiley_Widget\\App.xaml:line 1\r\n   at XamlGeneratedNamespace.GeneratedApplication.Main()\n",
      "crash_type": "unknown"
    },
    {
      "timestamp": "/Date(1756767291818)/",
      "event_id": 1026,
      "level": "Error",
      "source": ".NET Runtime",
      "message": "Application: WileyWidget.exe\nCoreCLR Version: 9.0.825.36511\n.NET Version: 9.0.8\nDescription: The process was terminated due to an unhandled exception.\nException Info: System.Windows.Markup.XamlParseException: 'Set property 'System.Windows.ResourceDictionary.Source' threw an exception.' Line number '10' and line position '18'.\r\n ---> System.IO.IOException: Cannot locate resource 'fluentdark.xaml'.\r\n   at MS.Internal.AppModel.ResourcePart.GetStreamCore(FileMode mode, FileAccess access)\r\n   at System.IO.Packaging.PackagePart.GetStream(FileMode mode, FileAccess access)\r\n   at MS.Internal.IO.Packaging.PackagePartExtensions.GetSeekableStream(PackagePart packPart, FileMode mode, FileAccess access)\r\n   at System.IO.Packaging.PackWebResponse.CachedResponse.GetResponseStream()\r\n   at System.IO.Packaging.PackWebResponse.get_ContentType()\r\n   at MS.Internal.WpfWebRequestHelper.GetContentType(WebResponse response)\r\n   at MS.Internal.WpfWebRequestHelper.GetResponseStream(WebRequest request, ContentType& contentType)\r\n   at System.Windows.ResourceDictionary.set_Source(Uri value)\r\n   at MS.Internal.Xaml.Runtime.ClrObjectRuntime.SetValue(Object inst, XamlMember property, Object value)\r\n   --- End of inner exception stack trace ---\r\n   at System.Windows.Markup.XamlReader.RewrapException(Exception e, IXamlLineInfo lineInfo, Uri baseUri)\r\n   at System.Windows.Markup.WpfXamlLoader.Load(XamlReader xamlReader, IXamlObjectWriterFactory writerFactory, Boolean skipJournaledProperties, Object rootObject, XamlObjectWriterSettings settings, Uri baseUri)\r\n   at System.Windows.Markup.WpfXamlLoader.LoadBaml(XamlReader xamlReader, Boolean skipJournaledProperties, Object rootObject, XamlAccessLevel accessLevel, Uri baseUri)\r\n   at System.Windows.Markup.XamlReader.LoadBaml(Stream stream, ParserContext parserContext, Object parent, Boolean closeStream)\r\n   at System.Windows.Application.LoadComponent(Object component, Uri resourceLocator)\r\n   at XamlGeneratedNamespace.GeneratedApplication.InitializeComponent() in C:\\Users\\biges\\Desktop\\Wiley_Widget\\App.xaml:line 1\r\n   at XamlGeneratedNamespace.GeneratedApplication.Main()\n",
      "crash_type": "unknown"
    },
    {
      "timestamp": "/Date(1756766336149)/",
      "event_id": 1026,
      "level": "Error",
      "source": ".NET Runtime",
      "message": "Application: WileyWidget.exe\nCoreCLR Version: 9.0.825.36511\n.NET Version: 9.0.8\nDescription: The process was terminated due to an unhandled exception.\nException Info: System.Windows.Markup.XamlParseException: 'Set property 'System.Windows.ResourceDictionary.Source' threw an exception.' Line number '10' and line position '18'.\r\n ---> System.IO.IOException: Cannot locate resource 'mscontrol.xaml'.\r\n   at MS.Internal.AppModel.ResourcePart.GetStreamCore(FileMode mode, FileAccess access)\r\n   at System.IO.Packaging.PackagePart.GetStream(FileMode mode, FileAccess access)\r\n   at MS.Internal.IO.Packaging.PackagePartExtensions.GetSeekableStream(PackagePart packPart, FileMode mode, FileAccess access)\r\n   at System.IO.Packaging.PackWebResponse.CachedResponse.GetResponseStream()\r\n   at System.IO.Packaging.PackWebResponse.get_ContentType()\r\n   at MS.Internal.WpfWebRequestHelper.GetContentType(WebResponse response)\r\n   at MS.Internal.WpfWebRequestHelper.GetResponseStream(WebRequest request, ContentType& contentType)\r\n   at System.Windows.ResourceDictionary.set_Source(Uri value)\r\n   at MS.Internal.Xaml.Runtime.ClrObjectRuntime.SetValue(Object inst, XamlMember property, Object value)\r\n   --- End of inner exception stack trace ---\r\n   at System.Windows.Markup.XamlReader.RewrapException(Exception e, IXamlLineInfo lineInfo, Uri baseUri)\r\n   at System.Windows.Markup.WpfXamlLoader.Load(XamlReader xamlReader, IXamlObjectWriterFactory writerFactory, Boolean skipJournaledProperties, Object rootObject, XamlObjectWriterSettings settings, Uri baseUri)\r\n   at System.Windows.Markup.WpfXamlLoader.LoadBaml(XamlReader xamlReader, Boolean skipJournaledProperties, Object rootObject, XamlAccessLevel accessLevel, Uri baseUri)\r\n   at System.Windows.Markup.XamlReader.LoadBaml(Stream stream, ParserContext parserContext, Object parent, Boolean closeStream)\r\n   at System.Windows.Application.LoadComponent(Object component, Uri resourceLocator)\r\n   at XamlGeneratedNamespace.GeneratedApplication.InitializeComponent() in C:\\Users\\biges\\Desktop\\Wiley_Widget\\App.xaml:line 1\r\n   at XamlGeneratedNamespace.GeneratedApplication.Main()\n",
      "crash_type": "unknown"
    },
    {
      "timestamp": "/Date(1756738133191)/",
      "event_id": 1026,
      "level": "Error",
      "source": ".NET Runtime",
      "message": "Application: WileyWidget.exe\nCoreCLR Version: 9.0.825.36511\n.NET Version: 9.0.8\nDescription: The process was terminated due to an unhandled exception.\nException Info: System.Windows.Markup.XamlParseException: 'Set property 'System.Windows.ResourceDictionary.Source' threw an exception.' Line number '10' and line position '18'.\r\n ---> System.IO.IOException: Cannot locate resource 'controls/fluentdark.xaml'.\r\n   at MS.Internal.AppModel.ResourcePart.GetStreamCore(FileMode mode, FileAccess access)\r\n   at System.IO.Packaging.PackagePart.GetStream(FileMode mode, FileAccess access)\r\n   at MS.Internal.IO.Packaging.PackagePartExtensions.GetSeekableStream(PackagePart packPart, FileMode mode, FileAccess access)\r\n   at System.IO.Packaging.PackWebResponse.CachedResponse.GetResponseStream()\r\n   at System.IO.Packaging.PackWebResponse.get_ContentType()\r\n   at MS.Internal.WpfWebRequestHelper.GetContentType(WebResponse response)\r\n   at MS.Internal.WpfWebRequestHelper.GetResponseStream(WebRequest request, ContentType& contentType)\r\n   at System.Windows.ResourceDictionary.set_Source(Uri value)\r\n   at MS.Internal.Xaml.Runtime.ClrObjectRuntime.SetValue(Object inst, XamlMember property, Object value)\r\n   --- End of inner exception stack trace ---\r\n   at System.Windows.Markup.XamlReader.RewrapException(Exception e, IXamlLineInfo lineInfo, Uri baseUri)\r\n   at System.Windows.Markup.WpfXamlLoader.Load(XamlReader xamlReader, IXamlObjectWriterFactory writerFactory, Boolean skipJournaledProperties, Object rootObject, XamlObjectWriterSettings settings, Uri baseUri)\r\n   at System.Windows.Markup.WpfXamlLoader.LoadBaml(XamlReader xamlReader, Boolean skipJournaledProperties, Object rootObject, XamlAccessLevel accessLevel, Uri baseUri)\r\n   at System.Windows.Markup.XamlReader.LoadBaml(Stream stream, ParserContext parserContext, Object parent, Boolean closeStream)\r\n   at System.Windows.Application.LoadComponent(Object component, Uri resourceLocator)\r\n   at XamlGeneratedNamespace.GeneratedApplication.InitializeComponent() in C:\\Users\\biges\\Desktop\\Wiley_Widget\\App.xaml:line 1\r\n   at XamlGeneratedNamespace.GeneratedApplication.Main()\n",
      "crash_type": "unknown"
    },
    {
      "timestamp": "/Date(1756738127391)/",
      "event_id": 1026,
      "level": "Error",
      "source": ".NET Runtime",
      "message": "Application: WileyWidget.exe\nCoreCLR Version: 9.0.825.36511\n.NET Version: 9.0.8\nDescription: The process was terminated due to an unhandled exception.\nException Info: System.Windows.Markup.XamlParseException: 'Set property 'System.Windows.ResourceDictionary.Source' threw an exception.' Line number '10' and line position '18'.\r\n ---> System.IO.IOException: Cannot locate resource 'controls/fluentdark.xaml'.\r\n   at MS.Internal.AppModel.ResourcePart.GetStreamCore(FileMode mode, FileAccess access)\r\n   at System.IO.Packaging.PackagePart.GetStream(FileMode mode, FileAccess access)\r\n   at MS.Internal.IO.Packaging.PackagePartExtensions.GetSeekableStream(PackagePart packPart, FileMode mode, FileAccess access)\r\n   at System.IO.Packaging.PackWebResponse.CachedResponse.GetResponseStream()\r\n   at System.IO.Packaging.PackWebResponse.get_ContentType()\r\n   at MS.Internal.WpfWebRequestHelper.GetContentType(WebResponse response)\r\n   at MS.Internal.WpfWebRequestHelper.GetResponseStream(WebRequest request, ContentType& contentType)\r\n   at System.Windows.ResourceDictionary.set_Source(Uri value)\r\n   at MS.Internal.Xaml.Runtime.ClrObjectRuntime.SetValue(Object inst, XamlMember property, Object value)\r\n   --- End of inner exception stack trace ---\r\n   at System.Windows.Markup.XamlReader.RewrapException(Exception e, IXamlLineInfo lineInfo, Uri baseUri)\r\n   at System.Windows.Markup.WpfXamlLoader.Load(XamlReader xamlReader, IXamlObjectWriterFactory writerFactory, Boolean skipJournaledProperties, Object rootObject, XamlObjectWriterSettings settings, Uri baseUri)\r\n   at System.Windows.Markup.WpfXamlLoader.LoadBaml(XamlReader xamlReader, Boolean skipJournaledProperties, Object rootObject, XamlAccessLevel accessLevel, Uri baseUri)\r\n   at System.Windows.Markup.XamlReader.LoadBaml(Stream stream, ParserContext parserContext, Object parent, Boolean closeStream)\r\n   at System.Windows.Application.LoadComponent(Object component, Uri resourceLocator)\r\n   at XamlGeneratedNamespace.GeneratedApplication.InitializeComponent() in C:\\Users\\biges\\Desktop\\Wiley_Widget\\App.xaml:line 1\r\n   at XamlGeneratedNamespace.GeneratedApplication.Main()\n",
      "crash_type": "unknown"
    },
    {
      "timestamp": "/Date(1756738118861)/",
      "event_id": 1026,
      "level": "Error",
      "source": ".NET Runtime",
      "message": "Application: WileyWidget.exe\nCoreCLR Version: 9.0.825.36511\n.NET Version: 9.0.8\nDescription: The process was terminated due to an unhandled exception.\nException Info: System.Windows.Markup.XamlParseException: 'Set property 'System.Windows.ResourceDictionary.Source' threw an exception.' Line number '10' and line position '18'.\r\n ---> System.IO.IOException: Cannot locate resource 'controls/fluentdark.xaml'.\r\n   at MS.Internal.AppModel.ResourcePart.GetStreamCore(FileMode mode, FileAccess access)\r\n   at System.IO.Packaging.PackagePart.GetStream(FileMode mode, FileAccess access)\r\n   at MS.Internal.IO.Packaging.PackagePartExtensions.GetSeekableStream(PackagePart packPart, FileMode mode, FileAccess access)\r\n   at System.IO.Packaging.PackWebResponse.CachedResponse.GetResponseStream()\r\n   at System.IO.Packaging.PackWebResponse.get_ContentType()\r\n   at MS.Internal.WpfWebRequestHelper.GetContentType(WebResponse response)\r\n   at MS.Internal.WpfWebRequestHelper.GetResponseStream(WebRequest request, ContentType& contentType)\r\n   at System.Windows.ResourceDictionary.set_Source(Uri value)\r\n   at MS.Internal.Xaml.Runtime.ClrObjectRuntime.SetValue(Object inst, XamlMember property, Object value)\r\n   --- End of inner exception stack trace ---\r\n   at System.Windows.Markup.XamlReader.RewrapException(Exception e, IXamlLineInfo lineInfo, Uri baseUri)\r\n   at System.Windows.Markup.WpfXamlLoader.Load(XamlReader xamlReader, IXamlObjectWriterFactory writerFactory, Boolean skipJournaledProperties, Object rootObject, XamlObjectWriterSettings settings, Uri baseUri)\r\n   at System.Windows.Markup.WpfXamlLoader.LoadBaml(XamlReader xamlReader, Boolean skipJournaledProperties, Object rootObject, XamlAccessLevel accessLevel, Uri baseUri)\r\n   at System.Windows.Markup.XamlReader.LoadBaml(Stream stream, ParserContext parserContext, Object parent, Boolean closeStream)\r\n   at System.Windows.Application.LoadComponent(Object component, Uri resourceLocator)\r\n   at XamlGeneratedNamespace.GeneratedApplication.InitializeComponent() in C:\\Users\\biges\\Desktop\\Wiley_Widget\\App.xaml:line 1\r\n   at XamlGeneratedNamespace.GeneratedApplication.Main()\n",
      "crash_type": "unknown"
    },
    {
      "timestamp": "/Date(1756738110663)/",
      "event_id": 1026,
      "level": "Error",
      "source": ".NET Runtime",
      "message": "Application: WileyWidget.exe\nCoreCLR Version: 9.0.825.36511\n.NET Version: 9.0.8\nDescription: The process was terminated due to an unhandled exception.\nException Info: System.Windows.Markup.XamlParseException: 'Set property 'System.Windows.ResourceDictionary.Source' threw an exception.' Line number '10' and line position '18'.\r\n ---> System.IO.IOException: Cannot locate resource 'controls/fluentdark.xaml'.\r\n   at MS.Internal.AppModel.ResourcePart.GetStreamCore(FileMode mode, FileAccess access)\r\n   at System.IO.Packaging.PackagePart.GetStream(FileMode mode, FileAccess access)\r\n   at MS.Internal.IO.Packaging.PackagePartExtensions.GetSeekableStream(PackagePart packPart, FileMode mode, FileAccess access)\r\n   at System.IO.Packaging.PackWebResponse.CachedResponse.GetResponseStream()\r\n   at System.IO.Packaging.PackWebResponse.get_ContentType()\r\n   at MS.Internal.WpfWebRequestHelper.GetContentType(WebResponse response)\r\n   at MS.Internal.WpfWebRequestHelper.GetResponseStream(WebRequest request, ContentType& contentType)\r\n   at System.Windows.ResourceDictionary.set_Source(Uri value)\r\n   at MS.Internal.Xaml.Runtime.ClrObjectRuntime.SetValue(Object inst, XamlMember property, Object value)\r\n   --- End of inner exception stack trace ---\r\n   at System.Windows.Markup.XamlReader.RewrapException(Exception e, IXamlLineInfo lineInfo, Uri baseUri)\r\n   at System.Windows.Markup.WpfXamlLoader.Load(XamlReader xamlReader, IXamlObjectWriterFactory writerFactory, Boolean skipJournaledProperties, Object rootObject, XamlObjectWriterSettings settings, Uri baseUri)\r\n   at System.Windows.Markup.WpfXamlLoader.LoadBaml(XamlReader xamlReader, Boolean skipJournaledProperties, Object rootObject, XamlAccessLevel accessLevel, Uri baseUri)\r\n   at System.Windows.Markup.XamlReader.LoadBaml(Stream stream, ParserContext parserContext, Object parent, Boolean closeStream)\r\n   at System.Windows.Application.LoadComponent(Object component, Uri resourceLocator)\r\n   at XamlGeneratedNamespace.GeneratedApplication.InitializeComponent() in C:\\Users\\biges\\Desktop\\Wiley_Widget\\App.xaml:line 1\r\n   at XamlGeneratedNamespace.GeneratedApplication.Main()\n",
      "crash_type": "unknown"
    },
    {
      "timestamp": "/Date(1756737885268)/",
      "event_id": 1026,
      "level": "Error",
      "source": ".NET Runtime",
      "message": "Application: WileyWidget.exe\nCoreCLR Version: 9.0.825.36511\n.NET Version: 9.0.8\nDescription: The process was terminated due to an unhandled exception.\nException Info: System.Windows.Markup.XamlParseException: 'Set property 'System.Windows.ResourceDictionary.Source' threw an exception.' Line number '10' and line position '18'.\r\n ---> System.IO.IOException: Cannot locate resource 'controls/fluentdark.xaml'.\r\n   at MS.Internal.AppModel.ResourcePart.GetStreamCore(FileMode mode, FileAccess access)\r\n   at System.IO.Packaging.PackagePart.GetStream(FileMode mode, FileAccess access)\r\n   at MS.Internal.IO.Packaging.PackagePartExtensions.GetSeekableStream(PackagePart packPart, FileMode mode, FileAccess access)\r\n   at System.IO.Packaging.PackWebResponse.CachedResponse.GetResponseStream()\r\n   at System.IO.Packaging.PackWebResponse.get_ContentType()\r\n   at MS.Internal.WpfWebRequestHelper.GetContentType(WebResponse response)\r\n   at MS.Internal.WpfWebRequestHelper.GetResponseStream(WebRequest request, ContentType& contentType)\r\n   at System.Windows.ResourceDictionary.set_Source(Uri value)\r\n   at MS.Internal.Xaml.Runtime.ClrObjectRuntime.SetValue(Object inst, XamlMember property, Object value)\r\n   --- End of inner exception stack trace ---\r\n   at System.Windows.Markup.XamlReader.RewrapException(Exception e, IXamlLineInfo lineInfo, Uri baseUri)\r\n   at System.Windows.Markup.WpfXamlLoader.Load(XamlReader xamlReader, IXamlObjectWriterFactory writerFactory, Boolean skipJournaledProperties, Object rootObject, XamlObjectWriterSettings settings, Uri baseUri)\r\n   at System.Windows.Markup.WpfXamlLoader.LoadBaml(XamlReader xamlReader, Boolean skipJournaledProperties, Object rootObject, XamlAccessLevel accessLevel, Uri baseUri)\r\n   at System.Windows.Markup.XamlReader.LoadBaml(Stream stream, ParserContext parserContext, Object parent, Boolean closeStream)\r\n   at System.Windows.Application.LoadComponent(Object component, Uri resourceLocator)\r\n   at XamlGeneratedNamespace.GeneratedApplication.InitializeComponent() in C:\\Users\\biges\\Desktop\\Wiley_Widget\\App.xaml:line 1\r\n   at XamlGeneratedNamespace.GeneratedApplication.Main()\n",
      "crash_type": "unknown"
    },
    {
      "timestamp": "/Date(1756737847326)/",
      "event_id": 1026,
      "level": "Error",
      "source": ".NET Runtime",
      "message": "Application: WileyWidget.exe\nCoreCLR Version: 9.0.825.36511\n.NET Version: 9.0.8\nDescription: The process was terminated due to an unhandled exception.\nException Info: System.Windows.Markup.XamlParseException: 'Set property 'System.Windows.ResourceDictionary.Source' threw an exception.' Line number '10' and line position '18'.\r\n ---> System.IO.IOException: Cannot locate resource 'controls/fluentdark.xaml'.\r\n   at MS.Internal.AppModel.ResourcePart.GetStreamCore(FileMode mode, FileAccess access)\r\n   at System.IO.Packaging.PackagePart.GetStream(FileMode mode, FileAccess access)\r\n   at MS.Internal.IO.Packaging.PackagePartExtensions.GetSeekableStream(PackagePart packPart, FileMode mode, FileAccess access)\r\n   at System.IO.Packaging.PackWebResponse.CachedResponse.GetResponseStream()\r\n   at System.IO.Packaging.PackWebResponse.get_ContentType()\r\n   at MS.Internal.WpfWebRequestHelper.GetContentType(WebResponse response)\r\n   at MS.Internal.WpfWebRequestHelper.GetResponseStream(WebRequest request, ContentType& contentType)\r\n   at System.Windows.ResourceDictionary.set_Source(Uri value)\r\n   at MS.Internal.Xaml.Runtime.ClrObjectRuntime.SetValue(Object inst, XamlMember property, Object value)\r\n   --- End of inner exception stack trace ---\r\n   at System.Windows.Markup.XamlReader.RewrapException(Exception e, IXamlLineInfo lineInfo, Uri baseUri)\r\n   at System.Windows.Markup.WpfXamlLoader.Load(XamlReader xamlReader, IXamlObjectWriterFactory writerFactory, Boolean skipJournaledProperties, Object rootObject, XamlObjectWriterSettings settings, Uri baseUri)\r\n   at System.Windows.Markup.WpfXamlLoader.LoadBaml(XamlReader xamlReader, Boolean skipJournaledProperties, Object rootObject, XamlAccessLevel accessLevel, Uri baseUri)\r\n   at System.Windows.Markup.XamlReader.LoadBaml(Stream stream, ParserContext parserContext, Object parent, Boolean closeStream)\r\n   at System.Windows.Application.LoadComponent(Object component, Uri resourceLocator)\r\n   at XamlGeneratedNamespace.GeneratedApplication.InitializeComponent() in C:\\Users\\biges\\Desktop\\Wiley_Widget\\App.xaml:line 1\r\n   at XamlGeneratedNamespace.GeneratedApplication.Main()\n",
      "crash_type": "unknown"
    },
    {
      "timestamp": "/Date(1756732777805)/",
      "event_id": 1000,
      "level": "Error",
      "source": "Application Error",
      "message": "Faulting application name: WileyWidget.exe, version: 0.0.0.0, time stamp: 0x68760000\r\nFaulting module name: KERNELBASE.dll, version: 10.0.26100.5074, time stamp: 0x77452b93\r\nException code: 0xe0434352\r\nFault offset: 0x00000000000c66ca\r\nFaulting process id: 0x8688\r\nFaulting application start time: 0x1DC1B4310E4FFFA\r\nFaulting application path: C:\\Users\\biges\\Desktop\\Wiley_Widget\\bin\\Debug\\net9.0-windows\\WileyWidget.exe\r\nFaulting module path: C:\\WINDOWS\\System32\\KERNELBASE.dll\r\nReport Id: d5dd3640-5c3e-45f4-be6a-481a43dc1551\r\nFaulting package full name: \r\nFaulting package-relative application ID: ",
      "crash_type": "unknown"
    },
    {
      "timestamp": "/Date(1756732777575)/",
      "event_id": 1026,
      "level": "Error",
      "source": ".NET Runtime",
      "message": "Application: WileyWidget.exe\nCoreCLR Version: 9.0.825.36511\n.NET Version: 9.0.8\nDescription: The process was terminated due to an unhandled exception.\nException Info: System.Windows.Markup.XamlParseException: 'Set property 'System.Windows.ResourceDictionary.Source' threw an exception.' Line number '10' and line position '18'.\r\n ---> System.IO.IOException: Cannot locate resource 'controls/fluentdark.xaml'.\r\n   at MS.Internal.AppModel.ResourcePart.GetStreamCore(FileMode mode, FileAccess access)\r\n   at System.IO.Packaging.PackagePart.GetStream(FileMode mode, FileAccess access)\r\n   at MS.Internal.IO.Packaging.PackagePartExtensions.GetSeekableStream(PackagePart packPart, FileMode mode, FileAccess access)\r\n   at System.IO.Packaging.PackWebResponse.CachedResponse.GetResponseStream()\r\n   at System.IO.Packaging.PackWebResponse.get_ContentType()\r\n   at MS.Internal.WpfWebRequestHelper.GetContentType(WebResponse response)\r\n   at MS.Internal.WpfWebRequestHelper.GetResponseStream(WebRequest request, ContentType& contentType)\r\n   at System.Windows.ResourceDictionary.set_Source(Uri value)\r\n   at MS.Internal.Xaml.Runtime.ClrObjectRuntime.SetValue(Object inst, XamlMember property, Object value)\r\n   --- End of inner exception stack trace ---\r\n   at System.Windows.Markup.XamlReader.RewrapException(Exception e, IXamlLineInfo lineInfo, Uri baseUri)\r\n   at System.Windows.Markup.WpfXamlLoader.Load(XamlReader xamlReader, IXamlObjectWriterFactory writerFactory, Boolean skipJournaledProperties, Object rootObject, XamlObjectWriterSettings settings, Uri baseUri)\r\n   at System.Windows.Markup.WpfXamlLoader.LoadBaml(XamlReader xamlReader, Boolean skipJournaledProperties, Object rootObject, XamlAccessLevel accessLevel, Uri baseUri)\r\n   at System.Windows.Markup.XamlReader.LoadBaml(Stream stream, ParserContext parserContext, Object parent, Boolean closeStream)\r\n   at System.Windows.Application.LoadComponent(Object component, Uri resourceLocator)\r\n   at XamlGeneratedNamespace.GeneratedApplication.InitializeComponent() in C:\\Users\\biges\\Desktop\\Wiley_Widget\\App.xaml:line 1\r\n   at XamlGeneratedNamespace.GeneratedApplication.Main()\n",
      "crash_type": "unknown"
    },
    {
      "timestamp": "/Date(1756732768024)/",
      "event_id": 1000,
      "level": "Error",
      "source": "Application Error",
      "message": "Faulting application name: WileyWidget.exe, version: 0.0.0.0, time stamp: 0x68760000\r\nFaulting module name: KERNELBASE.dll, version: 10.0.26100.5074, time stamp: 0x77452b93\r\nException code: 0xe0434352\r\nFault offset: 0x00000000000c66ca\r\nFaulting process id: 0x53B4\r\nFaulting application start time: 0x1DC1B430B09B02E\r\nFaulting application path: C:\\Users\\biges\\Desktop\\Wiley_Widget\\bin\\Debug\\net9.0-windows\\WileyWidget.exe\r\nFaulting module path: C:\\WINDOWS\\System32\\KERNELBASE.dll\r\nReport Id: e7d7e318-e0b7-418a-b8e4-868ae3fb4fcf\r\nFaulting package full name: \r\nFaulting package-relative application ID: ",
      "crash_type": "unknown"
    },
    {
      "timestamp": "/Date(1756732767756)/",
      "event_id": 1026,
      "level": "Error",
      "source": ".NET Runtime",
      "message": "Application: WileyWidget.exe\nCoreCLR Version: 9.0.825.36511\n.NET Version: 9.0.8\nDescription: The process was terminated due to an unhandled exception.\nException Info: System.Windows.Markup.XamlParseException: 'Set property 'System.Windows.ResourceDictionary.Source' threw an exception.' Line number '10' and line position '18'.\r\n ---> System.IO.IOException: Cannot locate resource 'controls/fluentdark.xaml'.\r\n   at MS.Internal.AppModel.ResourcePart.GetStreamCore(FileMode mode, FileAccess access)\r\n   at System.IO.Packaging.PackagePart.GetStream(FileMode mode, FileAccess access)\r\n   at MS.Internal.IO.Packaging.PackagePartExtensions.GetSeekableStream(PackagePart packPart, FileMode mode, FileAccess access)\r\n   at System.IO.Packaging.PackWebResponse.CachedResponse.GetResponseStream()\r\n   at System.IO.Packaging.PackWebResponse.get_ContentType()\r\n   at MS.Internal.WpfWebRequestHelper.GetContentType(WebResponse response)\r\n   at MS.Internal.WpfWebRequestHelper.GetResponseStream(WebRequest request, ContentType& contentType)\r\n   at System.Windows.ResourceDictionary.set_Source(Uri value)\r\n   at MS.Internal.Xaml.Runtime.ClrObjectRuntime.SetValue(Object inst, XamlMember property, Object value)\r\n   --- End of inner exception stack trace ---\r\n   at System.Windows.Markup.XamlReader.RewrapException(Exception e, IXamlLineInfo lineInfo, Uri baseUri)\r\n   at System.Windows.Markup.WpfXamlLoader.Load(XamlReader xamlReader, IXamlObjectWriterFactory writerFactory, Boolean skipJournaledProperties, Object rootObject, XamlObjectWriterSettings settings, Uri baseUri)\r\n   at System.Windows.Markup.WpfXamlLoader.LoadBaml(XamlReader xamlReader, Boolean skipJournaledProperties, Object rootObject, XamlAccessLevel accessLevel, Uri baseUri)\r\n   at System.Windows.Markup.XamlReader.LoadBaml(Stream stream, ParserContext parserContext, Object parent, Boolean closeStream)\r\n   at System.Windows.Application.LoadComponent(Object component, Uri resourceLocator)\r\n   at XamlGeneratedNamespace.GeneratedApplication.InitializeComponent() in C:\\Users\\biges\\Desktop\\Wiley_Widget\\App.xaml:line 1\r\n   at XamlGeneratedNamespace.GeneratedApplication.Main()\n",
      "crash_type": "unknown"
    },
    {
      "timestamp": "/Date(1756732758215)/",
      "event_id": 1000,
      "level": "Error",
      "source": "Application Error",
      "message": "Faulting application name: WileyWidget.exe, version: 0.0.0.0, time stamp: 0x68760000\r\nFaulting module name: KERNELBASE.dll, version: 10.0.26100.5074, time stamp: 0x77452b93\r\nException code: 0xe0434352\r\nFault offset: 0x00000000000c66ca\r\nFaulting process id: 0x7010\r\nFaulting application start time: 0x1DC1B43052E4939\r\nFaulting application path: C:\\Users\\biges\\Desktop\\Wiley_Widget\\bin\\Debug\\net9.0-windows\\WileyWidget.exe\r\nFaulting module path: C:\\WINDOWS\\System32\\KERNELBASE.dll\r\nReport Id: 13827b2d-0c6f-4d87-bbc6-805678f70bee\r\nFaulting package full name: \r\nFaulting package-relative application ID: ",
      "crash_type": "unknown"
    },
    {
      "timestamp": "/Date(1756732757921)/",
      "event_id": 1026,
      "level": "Error",
      "source": ".NET Runtime",
      "message": "Application: WileyWidget.exe\nCoreCLR Version: 9.0.825.36511\n.NET Version: 9.0.8\nDescription: The process was terminated due to an unhandled exception.\nException Info: System.Windows.Markup.XamlParseException: 'Set property 'System.Windows.ResourceDictionary.Source' threw an exception.' Line number '10' and line position '18'.\r\n ---> System.IO.IOException: Cannot locate resource 'controls/fluentdark.xaml'.\r\n   at MS.Internal.AppModel.ResourcePart.GetStreamCore(FileMode mode, FileAccess access)\r\n   at System.IO.Packaging.PackagePart.GetStream(FileMode mode, FileAccess access)\r\n   at MS.Internal.IO.Packaging.PackagePartExtensions.GetSeekableStream(PackagePart packPart, FileMode mode, FileAccess access)\r\n   at System.IO.Packaging.PackWebResponse.CachedResponse.GetResponseStream()\r\n   at System.IO.Packaging.PackWebResponse.get_ContentType()\r\n   at MS.Internal.WpfWebRequestHelper.GetContentType(WebResponse response)\r\n   at MS.Internal.WpfWebRequestHelper.GetResponseStream(WebRequest request, ContentType& contentType)\r\n   at System.Windows.ResourceDictionary.set_Source(Uri value)\r\n   at MS.Internal.Xaml.Runtime.ClrObjectRuntime.SetValue(Object inst, XamlMember property, Object value)\r\n   --- End of inner exception stack trace ---\r\n   at System.Windows.Markup.XamlReader.RewrapException(Exception e, IXamlLineInfo lineInfo, Uri baseUri)\r\n   at System.Windows.Markup.WpfXamlLoader.Load(XamlReader xamlReader, IXamlObjectWriterFactory writerFactory, Boolean skipJournaledProperties, Object rootObject, XamlObjectWriterSettings settings, Uri baseUri)\r\n   at System.Windows.Markup.WpfXamlLoader.LoadBaml(XamlReader xamlReader, Boolean skipJournaledProperties, Object rootObject, XamlAccessLevel accessLevel, Uri baseUri)\r\n   at System.Windows.Markup.XamlReader.LoadBaml(Stream stream, ParserContext parserContext, Object parent, Boolean closeStream)\r\n   at System.Windows.Application.LoadComponent(Object component, Uri resourceLocator)\r\n   at XamlGeneratedNamespace.GeneratedApplication.InitializeComponent() in C:\\Users\\biges\\Desktop\\Wiley_Widget\\App.xaml:line 1\r\n   at XamlGeneratedNamespace.GeneratedApplication.Main()\n",
      "crash_type": "unknown"
    },
    {
      "timestamp": "/Date(1756732748308)/",
      "event_id": 1000,
      "level": "Error",
      "source": "Application Error",
      "message": "Faulting application name: WileyWidget.exe, version: 0.0.0.0, time stamp: 0x68760000\r\nFaulting module name: KERNELBASE.dll, version: 10.0.26100.5074, time stamp: 0x77452b93\r\nException code: 0xe0434352\r\nFault offset: 0x00000000000c66ca\r\nFaulting process id: 0x7DD0\r\nFaulting application start time: 0x1DC1B42FF0CA4D7\r\nFaulting application path: C:\\Users\\biges\\Desktop\\Wiley_Widget\\bin\\Debug\\net9.0-windows\\WileyWidget.exe\r\nFaulting module path: C:\\WINDOWS\\System32\\KERNELBASE.dll\r\nReport Id: 0b86a6f9-46ca-496e-9541-0cc308e635d8\r\nFaulting package full name: \r\nFaulting package-relative application ID: ",
      "crash_type": "unknown"
    },
    {
      "timestamp": "/Date(1756732747919)/",
      "event_id": 1026,
      "level": "Error",
      "source": ".NET Runtime",
      "message": "Application: WileyWidget.exe\nCoreCLR Version: 9.0.825.36511\n.NET Version: 9.0.8\nDescription: The process was terminated due to an unhandled exception.\nException Info: System.Windows.Markup.XamlParseException: 'Set property 'System.Windows.ResourceDictionary.Source' threw an exception.' Line number '10' and line position '18'.\r\n ---> System.IO.IOException: Cannot locate resource 'controls/fluentdark.xaml'.\r\n   at MS.Internal.AppModel.ResourcePart.GetStreamCore(FileMode mode, FileAccess access)\r\n   at System.IO.Packaging.PackagePart.GetStream(FileMode mode, FileAccess access)\r\n   at MS.Internal.IO.Packaging.PackagePartExtensions.GetSeekableStream(PackagePart packPart, FileMode mode, FileAccess access)\r\n   at System.IO.Packaging.PackWebResponse.CachedResponse.GetResponseStream()\r\n   at System.IO.Packaging.PackWebResponse.get_ContentType()\r\n   at MS.Internal.WpfWebRequestHelper.GetContentType(WebResponse response)\r\n   at MS.Internal.WpfWebRequestHelper.GetResponseStream(WebRequest request, ContentType& contentType)\r\n   at System.Windows.ResourceDictionary.set_Source(Uri value)\r\n   at MS.Internal.Xaml.Runtime.ClrObjectRuntime.SetValue(Object inst, XamlMember property, Object value)\r\n   --- End of inner exception stack trace ---\r\n   at System.Windows.Markup.XamlReader.RewrapException(Exception e, IXamlLineInfo lineInfo, Uri baseUri)\r\n   at System.Windows.Markup.WpfXamlLoader.Load(XamlReader xamlReader, IXamlObjectWriterFactory writerFactory, Boolean skipJournaledProperties, Object rootObject, XamlObjectWriterSettings settings, Uri baseUri)\r\n   at System.Windows.Markup.WpfXamlLoader.LoadBaml(XamlReader xamlReader, Boolean skipJournaledProperties, Object rootObject, XamlAccessLevel accessLevel, Uri baseUri)\r\n   at System.Windows.Markup.XamlReader.LoadBaml(Stream stream, ParserContext parserContext, Object parent, Boolean closeStream)\r\n   at System.Windows.Application.LoadComponent(Object component, Uri resourceLocator)\r\n   at XamlGeneratedNamespace.GeneratedApplication.InitializeComponent() in C:\\Users\\biges\\Desktop\\Wiley_Widget\\App.xaml:line 1\r\n   at XamlGeneratedNamespace.GeneratedApplication.Main()\n",
      "crash_type": "unknown"
    },
    {
      "timestamp": "/Date(1756732491851)/",
      "event_id": 1026,
      "level": "Error",
      "source": ".NET Runtime",
      "message": "Application: WileyWidget.exe\nCoreCLR Version: 9.0.825.36511\n.NET Version: 9.0.8\nDescription: The process was terminated due to an unhandled exception.\nException Info: System.Windows.Markup.XamlParseException: 'Set property 'System.Windows.ResourceDictionary.Source' threw an exception.' Line number '10' and line position '18'.\r\n ---> System.IO.IOException: Cannot locate resource 'controls/fluentdark.xaml'.\r\n   at MS.Internal.AppModel.ResourcePart.GetStreamCore(FileMode mode, FileAccess access)\r\n   at System.IO.Packaging.PackagePart.GetStream(FileMode mode, FileAccess access)\r\n   at MS.Internal.IO.Packaging.PackagePartExtensions.GetSeekableStream(PackagePart packPart, FileMode mode, FileAccess access)\r\n   at System.IO.Packaging.PackWebResponse.CachedResponse.GetResponseStream()\r\n   at System.IO.Packaging.PackWebResponse.get_ContentType()\r\n   at MS.Internal.WpfWebRequestHelper.GetContentType(WebResponse response)\r\n   at MS.Internal.WpfWebRequestHelper.GetResponseStream(WebRequest request, ContentType& contentType)\r\n   at System.Windows.ResourceDictionary.set_Source(Uri value)\r\n   at MS.Internal.Xaml.Runtime.ClrObjectRuntime.SetValue(Object inst, XamlMember property, Object value)\r\n   --- End of inner exception stack trace ---\r\n   at System.Windows.Markup.XamlReader.RewrapException(Exception e, IXamlLineInfo lineInfo, Uri baseUri)\r\n   at System.Windows.Markup.WpfXamlLoader.Load(XamlReader xamlReader, IXamlObjectWriterFactory writerFactory, Boolean skipJournaledProperties, Object rootObject, XamlObjectWriterSettings settings, Uri baseUri)\r\n   at System.Windows.Markup.WpfXamlLoader.LoadBaml(XamlReader xamlReader, Boolean skipJournaledProperties, Object rootObject, XamlAccessLevel accessLevel, Uri baseUri)\r\n   at System.Windows.Markup.XamlReader.LoadBaml(Stream stream, ParserContext parserContext, Object parent, Boolean closeStream)\r\n   at System.Windows.Application.LoadComponent(Object component, Uri resourceLocator)\r\n   at XamlGeneratedNamespace.GeneratedApplication.InitializeComponent() in C:\\Users\\biges\\Desktop\\Wiley_Widget\\App.xaml:line 1\r\n   at XamlGeneratedNamespace.GeneratedApplication.Main()\n",
      "crash_type": "unknown"
    },
    {
      "timestamp": "/Date(1756730083543)/",
      "event_id": 1026,
      "level": "Error",
      "source": ".NET Runtime",
      "message": "Application: WileyWidget.exe\nCoreCLR Version: 9.0.825.36511\n.NET Version: 9.0.8\nDescription: The process was terminated due to an unhandled exception.\nException Info: System.Windows.Markup.XamlParseException: 'Set property 'System.Windows.ResourceDictionary.DeferrableContent' threw an exception.' Line number '8' and line position '6'.\r\n ---> System.ArgumentException: Item has already been added. Key in dictionary: 'WarningBackground'  Key being added: 'WarningBackground'\r\n   at System.Collections.Hashtable.Insert(Object key, Object nvalue, Boolean add)\r\n   at System.Windows.ResourceDictionary.SetKeys(IList`1 keyCollection, IServiceProvider serviceProvider)\r\n   at MS.Internal.Xaml.Runtime.ClrObjectRuntime.SetValue(Object inst, XamlMember property, Object value)\r\n   --- End of inner exception stack trace ---\r\n   at System.Windows.Markup.XamlReader.RewrapException(Exception e, IXamlLineInfo lineInfo, Uri baseUri)\r\n   at System.Windows.Markup.WpfXamlLoader.Load(XamlReader xamlReader, IXamlObjectWriterFactory writerFactory, Boolean skipJournaledProperties, Object rootObject, XamlObjectWriterSettings settings, Uri baseUri)\r\n   at System.Windows.Markup.WpfXamlLoader.LoadBaml(XamlReader xamlReader, Boolean skipJournaledProperties, Object rootObject, XamlAccessLevel accessLevel, Uri baseUri)\r\n   at System.Windows.Markup.XamlReader.LoadBaml(Stream stream, ParserContext parserContext, Object parent, Boolean closeStream)\r\n   at System.Windows.Application.LoadComponent(Object component, Uri resourceLocator)\r\n   at XamlGeneratedNamespace.GeneratedApplication.InitializeComponent() in c:\\Users\\biges\\Desktop\\Wiley_Widget\\App.xaml:line 1\r\n   at XamlGeneratedNamespace.GeneratedApplication.Main()\n",
      "crash_type": "unknown"
    },
    {
      "timestamp": "/Date(1756730056935)/",
      "event_id": 1026,
      "level": "Error",
      "source": ".NET Runtime",
      "message": "Application: WileyWidget.exe\nCoreCLR Version: 9.0.825.36511\n.NET Version: 9.0.8\nDescription: The process was terminated due to an unhandled exception.\nException Info: System.Windows.Markup.XamlParseException: 'Set property 'System.Windows.ResourceDictionary.DeferrableContent' threw an exception.' Line number '8' and line position '6'.\r\n ---> System.ArgumentException: Item has already been added. Key in dictionary: 'ExpensesChartColor'  Key being added: 'ExpensesChartColor'\r\n   at System.Collections.Hashtable.Insert(Object key, Object nvalue, Boolean add)\r\n   at System.Windows.ResourceDictionary.SetKeys(IList`1 keyCollection, IServiceProvider serviceProvider)\r\n   at MS.Internal.Xaml.Runtime.ClrObjectRuntime.SetValue(Object inst, XamlMember property, Object value)\r\n   --- End of inner exception stack trace ---\r\n   at System.Windows.Markup.XamlReader.RewrapException(Exception e, IXamlLineInfo lineInfo, Uri baseUri)\r\n   at System.Windows.Markup.WpfXamlLoader.Load(XamlReader xamlReader, IXamlObjectWriterFactory writerFactory, Boolean skipJournaledProperties, Object rootObject, XamlObjectWriterSettings settings, Uri baseUri)\r\n   at System.Windows.Markup.WpfXamlLoader.LoadBaml(XamlReader xamlReader, Boolean skipJournaledProperties, Object rootObject, XamlAccessLevel accessLevel, Uri baseUri)\r\n   at System.Windows.Markup.XamlReader.LoadBaml(Stream stream, ParserContext parserContext, Object parent, Boolean closeStream)\r\n   at System.Windows.Application.LoadComponent(Object component, Uri resourceLocator)\r\n   at XamlGeneratedNamespace.GeneratedApplication.InitializeComponent() in c:\\Users\\biges\\Desktop\\Wiley_Widget\\App.xaml:line 1\r\n   at XamlGeneratedNamespace.GeneratedApplication.Main()\n",
      "crash_type": "unknown"
    },
    {
      "timestamp": "/Date(1756730033166)/",
      "event_id": 1026,
      "level": "Error",
      "source": ".NET Runtime",
      "message": "Application: WileyWidget.exe\nCoreCLR Version: 9.0.825.36511\n.NET Version: 9.0.8\nDescription: The process was terminated due to an unhandled exception.\nException Info: System.Windows.Markup.XamlParseException: 'Set property 'System.Windows.ResourceDictionary.DeferrableContent' threw an exception.' Line number '8' and line position '6'.\r\n ---> System.ArgumentException: Item has already been added. Key in dictionary: 'ExpensesChartColor'  Key being added: 'ExpensesChartColor'\r\n   at System.Collections.Hashtable.Insert(Object key, Object nvalue, Boolean add)\r\n   at System.Windows.ResourceDictionary.SetKeys(IList`1 keyCollection, IServiceProvider serviceProvider)\r\n   at MS.Internal.Xaml.Runtime.ClrObjectRuntime.SetValue(Object inst, XamlMember property, Object value)\r\n   --- End of inner exception stack trace ---\r\n   at System.Windows.Markup.XamlReader.RewrapException(Exception e, IXamlLineInfo lineInfo, Uri baseUri)\r\n   at System.Windows.Markup.WpfXamlLoader.Load(XamlReader xamlReader, IXamlObjectWriterFactory writerFactory, Boolean skipJournaledProperties, Object rootObject, XamlObjectWriterSettings settings, Uri baseUri)\r\n   at System.Windows.Markup.WpfXamlLoader.LoadBaml(XamlReader xamlReader, Boolean skipJournaledProperties, Object rootObject, XamlAccessLevel accessLevel, Uri baseUri)\r\n   at System.Windows.Markup.XamlReader.LoadBaml(Stream stream, ParserContext parserContext, Object parent, Boolean closeStream)\r\n   at System.Windows.Application.LoadComponent(Object component, Uri resourceLocator)\r\n   at XamlGeneratedNamespace.GeneratedApplication.InitializeComponent() in c:\\Users\\biges\\Desktop\\Wiley_Widget\\App.xaml:line 1\r\n   at XamlGeneratedNamespace.GeneratedApplication.Main()\n",
      "crash_type": "unknown"
    },
    {
      "timestamp": "/Date(1756729996291)/",
      "event_id": 1026,
      "level": "Error",
      "source": ".NET Runtime",
      "message": "Application: WileyWidget.exe\nCoreCLR Version: 9.0.825.36511\n.NET Version: 9.0.8\nDescription: The process was terminated due to an unhandled exception.\nException Info: System.Windows.Markup.XamlParseException: 'Set property 'System.Windows.ResourceDictionary.DeferrableContent' threw an exception.' Line number '8' and line position '6'.\r\n ---> System.ArgumentException: Item has already been added. Key in dictionary: 'RevenueChartColor'  Key being added: 'RevenueChartColor'\r\n   at System.Collections.Hashtable.Insert(Object key, Object nvalue, Boolean add)\r\n   at System.Windows.ResourceDictionary.SetKeys(IList`1 keyCollection, IServiceProvider serviceProvider)\r\n   at MS.Internal.Xaml.Runtime.ClrObjectRuntime.SetValue(Object inst, XamlMember property, Object value)\r\n   --- End of inner exception stack trace ---\r\n   at System.Windows.Markup.XamlReader.RewrapException(Exception e, IXamlLineInfo lineInfo, Uri baseUri)\r\n   at System.Windows.Markup.WpfXamlLoader.Load(XamlReader xamlReader, IXamlObjectWriterFactory writerFactory, Boolean skipJournaledProperties, Object rootObject, XamlObjectWriterSettings settings, Uri baseUri)\r\n   at System.Windows.Markup.WpfXamlLoader.LoadBaml(XamlReader xamlReader, Boolean skipJournaledProperties, Object rootObject, XamlAccessLevel accessLevel, Uri baseUri)\r\n   at System.Windows.Markup.XamlReader.LoadBaml(Stream stream, ParserContext parserContext, Object parent, Boolean closeStream)\r\n   at System.Windows.Application.LoadComponent(Object component, Uri resourceLocator)\r\n   at XamlGeneratedNamespace.GeneratedApplication.InitializeComponent() in c:\\Users\\biges\\Desktop\\Wiley_Widget\\App.xaml:line 1\r\n   at XamlGeneratedNamespace.GeneratedApplication.Main()\n",
      "crash_type": "unknown"
    },
    {
      "timestamp": "/Date(1756729984492)/",
      "event_id": 1026,
      "level": "Error",
      "source": ".NET Runtime",
      "message": "Application: WileyWidget.exe\nCoreCLR Version: 9.0.825.36511\n.NET Version: 9.0.8\nDescription: The process was terminated due to an unhandled exception.\nException Info: System.Windows.Markup.XamlParseException: 'Set property 'System.Windows.ResourceDictionary.DeferrableContent' threw an exception.' Line number '8' and line position '6'.\r\n ---> System.ArgumentException: Item has already been added. Key in dictionary: 'RevenueChartColor'  Key being added: 'RevenueChartColor'\r\n   at System.Collections.Hashtable.Insert(Object key, Object nvalue, Boolean add)\r\n   at System.Windows.ResourceDictionary.SetKeys(IList`1 keyCollection, IServiceProvider serviceProvider)\r\n   at MS.Internal.Xaml.Runtime.ClrObjectRuntime.SetValue(Object inst, XamlMember property, Object value)\r\n   --- End of inner exception stack trace ---\r\n   at System.Windows.Markup.XamlReader.RewrapException(Exception e, IXamlLineInfo lineInfo, Uri baseUri)\r\n   at System.Windows.Markup.WpfXamlLoader.Load(XamlReader xamlReader, IXamlObjectWriterFactory writerFactory, Boolean skipJournaledProperties, Object rootObject, XamlObjectWriterSettings settings, Uri baseUri)\r\n   at System.Windows.Markup.WpfXamlLoader.LoadBaml(XamlReader xamlReader, Boolean skipJournaledProperties, Object rootObject, XamlAccessLevel accessLevel, Uri baseUri)\r\n   at System.Windows.Markup.XamlReader.LoadBaml(Stream stream, ParserContext parserContext, Object parent, Boolean closeStream)\r\n   at System.Windows.Application.LoadComponent(Object component, Uri resourceLocator)\r\n   at XamlGeneratedNamespace.GeneratedApplication.InitializeComponent() in c:\\Users\\biges\\Desktop\\Wiley_Widget\\App.xaml:line 1\r\n   at XamlGeneratedNamespace.GeneratedApplication.Main()\n",
      "crash_type": "unknown"
    },
    {
      "timestamp": "/Date(1756729972708)/",
      "event_id": 1026,
      "level": "Error",
      "source": ".NET Runtime",
      "message": "Application: WileyWidget.exe\nCoreCLR Version: 9.0.825.36511\n.NET Version: 9.0.8\nDescription: The process was terminated due to an unhandled exception.\nException Info: System.Windows.Markup.XamlParseException: 'Set property 'System.Windows.ResourceDictionary.DeferrableContent' threw an exception.' Line number '8' and line position '6'.\r\n ---> System.ArgumentException: Item has already been added. Key in dictionary: 'RevenueChartColor'  Key being added: 'RevenueChartColor'\r\n   at System.Collections.Hashtable.Insert(Object key, Object nvalue, Boolean add)\r\n   at System.Windows.ResourceDictionary.SetKeys(IList`1 keyCollection, IServiceProvider serviceProvider)\r\n   at MS.Internal.Xaml.Runtime.ClrObjectRuntime.SetValue(Object inst, XamlMember property, Object value)\r\n   --- End of inner exception stack trace ---\r\n   at System.Windows.Markup.XamlReader.RewrapException(Exception e, IXamlLineInfo lineInfo, Uri baseUri)\r\n   at System.Windows.Markup.WpfXamlLoader.Load(XamlReader xamlReader, IXamlObjectWriterFactory writerFactory, Boolean skipJournaledProperties, Object rootObject, XamlObjectWriterSettings settings, Uri baseUri)\r\n   at System.Windows.Markup.WpfXamlLoader.LoadBaml(XamlReader xamlReader, Boolean skipJournaledProperties, Object rootObject, XamlAccessLevel accessLevel, Uri baseUri)\r\n   at System.Windows.Markup.XamlReader.LoadBaml(Stream stream, ParserContext parserContext, Object parent, Boolean closeStream)\r\n   at System.Windows.Application.LoadComponent(Object component, Uri resourceLocator)\r\n   at XamlGeneratedNamespace.GeneratedApplication.InitializeComponent() in c:\\Users\\biges\\Desktop\\Wiley_Widget\\App.xaml:line 1\r\n   at XamlGeneratedNamespace.GeneratedApplication.Main()\n",
      "crash_type": "unknown"
    },
